Incoming request => /admin/recipe/recipe/
Incoming user => francesco
Incoming request => /admin/jsi18n/
Incoming user => francesco
Incoming request => /admin/recipe/recipe/
Incoming user => francesco
Incoming request => /admin/jsi18n/
Incoming user => francesco
Incoming request => <WSGIRequest: GET '/admin/recipe/recipe/'>
Incoming user => francesco
Incoming request => <WSGIRequest: GET '/admin/jsi18n/'>
Incoming user => francesco
INFO 2021-02-13 16:09:24,115 LogMiddleware 6768 139946633340672 Incoming request => <WSGIRequest: GET '/admin/recipe/recipe/'>
INFO 2021-02-13 16:09:24,125 LogMiddleware 6768 139946633340672 Incoming user => francesco
INFO 2021-02-13 16:09:24,261 LogMiddleware 6768 139946633340672 Incoming request => <WSGIRequest: GET '/admin/jsi18n/'>
INFO 2021-02-13 16:09:24,278 LogMiddleware 6768 139946633340672 Incoming user => francesco
INFO 2021-02-13 16:13:20,936 LogMiddleware 6863 140202615842560 Incoming request => <WSGIRequest: GET '/admin/recipe/recipe/'>
INFO 2021-02-13 16:13:20,943 LogMiddleware 6863 140202615842560 Incoming user => francesco
INFO 2021-02-13 16:13:21,079 LogMiddleware 6863 140202615842560 Incoming request => <WSGIRequest: GET '/admin/jsi18n/'>
INFO 2021-02-13 16:13:21,094 LogMiddleware 6863 140202615842560 Incoming user => francesco
INFO 2021-02-13 16:18:44,947 LogMiddleware 7037 140665597556480 Incoming request => <WSGIRequest: GET '/admin/recipe/recipe/'>
INFO 2021-02-13 16:18:44,953 LogMiddleware 7037 140665597556480 Incoming user => francesco
INFO 2021-02-13 16:19:35,537 LogMiddleware 7053 140402934589184 Incoming request => <WSGIRequest: GET '/admin/recipe/recipe/'>
INFO 2021-02-13 16:19:35,544 LogMiddleware 7053 140402934589184 Incoming user => francesco
INFO 2021-02-13 16:19:35,696 LogMiddleware 7053 140402924885760 Incoming request => <WSGIRequest: GET '/admin/jsi18n/'>
INFO 2021-02-13 16:19:35,714 LogMiddleware 7053 140402924885760 Incoming user => francesco
INFO 2021-02-13 16:20:05,826 LogMiddleware 7053 140402539620096 Incoming request => <WSGIRequest: GET '/admin/recipe/recipe/'>
INFO 2021-02-13 16:20:05,827 LogMiddleware 7053 140402539620096 Incoming user => AnonymousUser
INFO 2021-02-13 16:20:05,910 LogMiddleware 7053 140402539620096 Incoming request => <WSGIRequest: GET '/favicon.ico'>
INFO 2021-02-13 16:20:05,910 LogMiddleware 7053 140402539620096 Incoming user => AnonymousUser
